# JRE version: Java(TM) SE Runtime Environment (8.0_121-b13) (build 1.8.0_121-b13)
# Java VM: Java HotSpot(TM) 64-Bit Server VM (25.121-b13 mixed mode bsd-amd64 compressed oops)
Heap:
 garbage-first heap   total 265216K, used 186501K [0x0000000780000000, 0x0000000780100818, 0x00000007c0000000)
  region size 1024K, 96 young (98304K), 3 survivors (3072K)
 Metaspace       used 114613K, capacity 124988K, committed 125280K, reserved 1157120K
  class space    used 13914K, capacity 17184K, committed 17300K, reserved 1048576K
GC Heap History (10 events):
Event: 7006.331 GC heap before
{Heap before GC invocations=75 (full 0):
 garbage-first heap   total 265216K, used 225279K [0x0000000780000000, 0x0000000780100818, 0x00000007c0000000)
  region size 1024K, 88 young (90112K), 9 survivors (9216K)
 Metaspace       used 114502K, capacity 124918K, committed 125280K, reserved 1157120K
  class space    used 13913K, capacity 17183K, committed 17300K, reserved 1048576K
Event: 7006.365 GC heap after
Heap after GC invocations=76 (full 0):
 garbage-first heap   total 265216K, used 146943K [0x0000000780000000, 0x0000000780100818, 0x00000007c0000000)
  region size 1024K, 3 young (3072K), 3 survivors (3072K)
 Metaspace       used 114502K, capacity 124918K, committed 125280K, reserved 1157120K
  class space    used 13913K, capacity 17183K, committed 17300K, reserved 1048576K
}
Event: 7013.351 GC heap before
{Heap before GC invocations=77 (full 0):
 garbage-first heap   total 265216K, used 207359K [0x0000000780000000, 0x0000000780100818, 0x00000007c0000000)
  region size 1024K, 82 young (83968K), 3 survivors (3072K)
 Metaspace       used 114518K, capacity 124982K, committed 125280K, reserved 1157120K
  class space    used 13913K, capacity 17183K, committed 17300K, reserved 1048576K
Event: 7013.368 GC heap after
Heap after GC invocations=78 (full 0):
 garbage-first heap   total 265216K, used 125952K [0x0000000780000000, 0x0000000780100818, 0x00000007c0000000)
  region size 1024K, 3 young (3072K), 3 survivors (3072K)
 Metaspace       used 114518K, capacity 124982K, committed 125280K, reserved 1157120K
  class space    used 13913K, capacity 17183K, committed 17300K, reserved 1048576K
}
Event: 7013.625 GC heap before
{Heap before GC invocations=78 (full 0):
 garbage-first heap   total 265216K, used 135168K [0x0000000780000000, 0x0000000780100818, 0x00000007c0000000)
  region size 1024K, 12 young (12288K), 3 survivors (3072K)
 Metaspace       used 114521K, capacity 124982K, committed 125280K, reserved 1157120K
  class space    used 13913K, capacity 17183K, committed 17300K, reserved 1048576K
Event: 7013.637 GC heap after
Heap after GC invocations=79 (full 0):
 garbage-first heap   total 265216K, used 101773K [0x0000000780000000, 0x0000000780100818, 0x00000007c0000000)
  region size 1024K, 2 young (2048K), 2 survivors (2048K)
 Metaspace       used 114521K, capacity 124982K, committed 125280K, reserved 1157120K
  class space    used 13913K, capacity 17183K, committed 17300K, reserved 1048576K
}
Event: 7017.039 GC heap before
{Heap before GC invocations=79 (full 0):
 garbage-first heap   total 265216K, used 112013K [0x0000000780000000, 0x0000000780100818, 0x00000007c0000000)
  region size 1024K, 12 young (12288K), 2 survivors (2048K)
 Metaspace       used 114524K, capacity 124982K, committed 125280K, reserved 1157120K
  class space    used 13913K, capacity 17183K, committed 17300K, reserved 1048576K
Event: 7017.067 GC heap after
Heap after GC invocations=80 (full 0):
 garbage-first heap   total 265216K, used 90877K [0x0000000780000000, 0x0000000780100818, 0x00000007c0000000)
  region size 1024K, 2 young (2048K), 2 survivors (2048K)
 Metaspace       used 114524K, capacity 124982K, committed 125280K, reserved 1157120K
  class space    used 13913K, capacity 17183K, committed 17300K, reserved 1048576K
}
Event: 7043.410 GC heap before
{Heap before GC invocations=80 (full 0):
 garbage-first heap   total 265216K, used 225021K [0x0000000780000000, 0x0000000780100818, 0x00000007c0000000)
  region size 1024K, 133 young (136192K), 2 survivors (2048K)
 Metaspace       used 114584K, capacity 124982K, committed 125280K, reserved 1157120K
  class space    used 13913K, capacity 17183K, committed 17300K, reserved 1048576K
Event: 7043.440 GC heap after
Heap after GC invocations=81 (full 0):
 garbage-first heap   total 265216K, used 92293K [0x0000000780000000, 0x0000000780100818, 0x00000007c0000000)
  region size 1024K, 3 young (3072K), 3 survivors (3072K)
 Metaspace       used 114584K, capacity 124982K, committed 125280K, reserved 1157120K
  class space    used 13913K, capacity 17183K, committed 17300K, reserved 1048576K
}

